<?xml version="1.0" encoding="UTF-8"?>
<!-- Generated by org.testng.reporters.JUnitReportReporter -->
<testsuite hostname="74KCV32" name="tests.GoogleTest" tests="1" failures="0" timestamp="15 Oct 2019 20:40:39 GMT" time="10.360" errors="0">
  <testcase name="googleTest" time="10.360" classname="tests.GoogleTest"/>
</testsuite> <!-- tests.GoogleTest -->
